2024-12-08 17:58:52.982 [http-nio-8080-exec-8] INFO  com.example.tp3logging.controllers.UserController - {  "userId":4, "userDetails": {"userId":4,"name":"User4","email":"user4@example.com","password":"$2a$10$wFPiEygYU/zQg2u645w3Fer2Cpbedn39/Uq4qMDj42F/PsdLKRG3u","age":24},  "operation": "DELETE"}
2024-12-08 17:58:53.166 [http-nio-8080-exec-1] INFO  com.example.tp3logging.controllers.ProductController - {  "userId":5, "userDetails": {"userId":5,"name":"User5","email":"user5@example.com","password":"$2a$10$OgfGP6cyyI6Y451R2HebeuMyR3ZuTsOtZx8Z0AgDy3ekoieXuB/2K","age":25},  "operation": "READ",  "productId": 1,
  "productDetails": {"productId":1,"name":"product1","price":15.6,"expirationDate":1767139200000}}
2024-12-08 17:58:53.183 [http-nio-8080-exec-3] INFO  com.example.tp3logging.controllers.ProductController - {  "userId":5, "userDetails": {"userId":5,"name":"User5","email":"user5@example.com","password":"$2a$10$OgfGP6cyyI6Y451R2HebeuMyR3ZuTsOtZx8Z0AgDy3ekoieXuB/2K","age":25},  "operation": "READ",  "productId": 2,
  "productDetails": {"productId":2,"name":"product2","price":3.5,"expirationDate":1743638400000}}
2024-12-08 17:58:53.189 [http-nio-8080-exec-4] INFO  com.example.tp3logging.controllers.UserController - {  "userId":5, "userDetails": {"userId":5,"name":"User5","email":"user5@example.com","password":"$2a$10$OgfGP6cyyI6Y451R2HebeuMyR3ZuTsOtZx8Z0AgDy3ekoieXuB/2K","age":25},  "operation": "DELETE"}
2024-12-08 17:58:53.329 [http-nio-8080-exec-7] INFO  com.example.tp3logging.controllers.ProductController - { "userId": 6, "userDetails": {"userId":6,"name":"User6","email":"user6@example.com","password":"$2a$10$Vw4gV1vvJd.sfdyr1Sme5u/G0AuxI1b7T5Jz8/9FUetoU8g4yqRbm","age":26}, "operation": "READ", "productId": 1 }
2024-12-08 17:58:53.330 [http-nio-8080-exec-7] INFO  com.example.tp3logging.controllers.ProductController - { "userId": 6, "userDetails": {"userId":6,"name":"User6","email":"user6@example.com","password":"$2a$10$Vw4gV1vvJd.sfdyr1Sme5u/G0AuxI1b7T5Jz8/9FUetoU8g4yqRbm","age":26}, "operation": "READ", "productId": 2 }
2024-12-08 17:58:53.331 [http-nio-8080-exec-7] INFO  com.example.tp3logging.controllers.ProductController - { "userId": 6, "userDetails": {"userId":6,"name":"User6","email":"user6@example.com","password":"$2a$10$Vw4gV1vvJd.sfdyr1Sme5u/G0AuxI1b7T5Jz8/9FUetoU8g4yqRbm","age":26}, "operation": "READ", "productId": 3 }
2024-12-08 17:58:53.331 [http-nio-8080-exec-7] INFO  com.example.tp3logging.controllers.ProductController - { "userId": 6, "userDetails": {"userId":6,"name":"User6","email":"user6@example.com","password":"$2a$10$Vw4gV1vvJd.sfdyr1Sme5u/G0AuxI1b7T5Jz8/9FUetoU8g4yqRbm","age":26}, "operation": "READ", "productId": 4 }
2024-12-08 17:58:53.332 [http-nio-8080-exec-7] INFO  com.example.tp3logging.controllers.ProductController - { "userId": 6, "userDetails": {"userId":6,"name":"User6","email":"user6@example.com","password":"$2a$10$Vw4gV1vvJd.sfdyr1Sme5u/G0AuxI1b7T5Jz8/9FUetoU8g4yqRbm","age":26}, "operation": "READ", "productId": 5 }
2024-12-08 17:58:53.347 [http-nio-8080-exec-10] INFO  com.example.tp3logging.controllers.ProductController - {  "userId":6, "userDetails": {"userId":6,"name":"User6","email":"user6@example.com","password":"$2a$10$Vw4gV1vvJd.sfdyr1Sme5u/G0AuxI1b7T5Jz8/9FUetoU8g4yqRbm","age":26},  "operation": "READ",  "productId": 2,
  "productDetails": {"productId":2,"name":"product2","price":3.5,"expirationDate":1743638400000}}
2024-12-08 17:58:53.353 [http-nio-8080-exec-1] INFO  com.example.tp3logging.controllers.UserController - {  "userId":6, "userDetails": {"userId":6,"name":"User6","email":"user6@example.com","password":"$2a$10$Vw4gV1vvJd.sfdyr1Sme5u/G0AuxI1b7T5Jz8/9FUetoU8g4yqRbm","age":26},  "operation": "DELETE"}
2024-12-08 17:58:53.494 [http-nio-8080-exec-5] INFO  com.example.tp3logging.controllers.ProductController - { "userId": 7, "userDetails": {"userId":7,"name":"User7","email":"user7@example.com","password":"$2a$10$4EZ8cXBmxCevEstuAjXQ3O281TRJVy3Lo9iIH20EmZPiD.gflWTua","age":27}, "operation": "READ", "productId": 1 }
2024-12-08 17:58:53.496 [http-nio-8080-exec-5] INFO  com.example.tp3logging.controllers.ProductController - { "userId": 7, "userDetails": {"userId":7,"name":"User7","email":"user7@example.com","password":"$2a$10$4EZ8cXBmxCevEstuAjXQ3O281TRJVy3Lo9iIH20EmZPiD.gflWTua","age":27}, "operation": "READ", "productId": 2 }
2024-12-08 17:58:53.496 [http-nio-8080-exec-5] INFO  com.example.tp3logging.controllers.ProductController - { "userId": 7, "userDetails": {"userId":7,"name":"User7","email":"user7@example.com","password":"$2a$10$4EZ8cXBmxCevEstuAjXQ3O281TRJVy3Lo9iIH20EmZPiD.gflWTua","age":27}, "operation": "READ", "productId": 3 }
2024-12-08 17:58:53.497 [http-nio-8080-exec-5] INFO  com.example.tp3logging.controllers.ProductController - { "userId": 7, "userDetails": {"userId":7,"name":"User7","email":"user7@example.com","password":"$2a$10$4EZ8cXBmxCevEstuAjXQ3O281TRJVy3Lo9iIH20EmZPiD.gflWTua","age":27}, "operation": "READ", "productId": 4 }
2024-12-08 17:58:53.498 [http-nio-8080-exec-5] INFO  com.example.tp3logging.controllers.ProductController - { "userId": 7, "userDetails": {"userId":7,"name":"User7","email":"user7@example.com","password":"$2a$10$4EZ8cXBmxCevEstuAjXQ3O281TRJVy3Lo9iIH20EmZPiD.gflWTua","age":27}, "operation": "READ", "productId": 5 }
2024-12-08 17:58:53.512 [http-nio-8080-exec-8] INFO  com.example.tp3logging.controllers.ProductController - { "userId": 7, "userDetails": {"userId":7,"name":"User7","email":"user7@example.com","password":"$2a$10$4EZ8cXBmxCevEstuAjXQ3O281TRJVy3Lo9iIH20EmZPiD.gflWTua","age":27}, "operation": "READ", "productId": 1 }
2024-12-08 17:58:53.513 [http-nio-8080-exec-8] INFO  com.example.tp3logging.controllers.ProductController - { "userId": 7, "userDetails": {"userId":7,"name":"User7","email":"user7@example.com","password":"$2a$10$4EZ8cXBmxCevEstuAjXQ3O281TRJVy3Lo9iIH20EmZPiD.gflWTua","age":27}, "operation": "READ", "productId": 2 }
2024-12-08 17:58:53.514 [http-nio-8080-exec-8] INFO  com.example.tp3logging.controllers.ProductController - { "userId": 7, "userDetails": {"userId":7,"name":"User7","email":"user7@example.com","password":"$2a$10$4EZ8cXBmxCevEstuAjXQ3O281TRJVy3Lo9iIH20EmZPiD.gflWTua","age":27}, "operation": "READ", "productId": 3 }
2024-12-08 17:58:53.514 [http-nio-8080-exec-8] INFO  com.example.tp3logging.controllers.ProductController - { "userId": 7, "userDetails": {"userId":7,"name":"User7","email":"user7@example.com","password":"$2a$10$4EZ8cXBmxCevEstuAjXQ3O281TRJVy3Lo9iIH20EmZPiD.gflWTua","age":27}, "operation": "READ", "productId": 4 }
2024-12-08 17:58:53.515 [http-nio-8080-exec-8] INFO  com.example.tp3logging.controllers.ProductController - { "userId": 7, "userDetails": {"userId":7,"name":"User7","email":"user7@example.com","password":"$2a$10$4EZ8cXBmxCevEstuAjXQ3O281TRJVy3Lo9iIH20EmZPiD.gflWTua","age":27}, "operation": "READ", "productId": 5 }
2024-12-08 17:58:53.520 [http-nio-8080-exec-7] INFO  com.example.tp3logging.controllers.UserController - {  "userId":7, "userDetails": {"userId":7,"name":"User7","email":"user7@example.com","password":"$2a$10$4EZ8cXBmxCevEstuAjXQ3O281TRJVy3Lo9iIH20EmZPiD.gflWTua","age":27},  "operation": "DELETE"}
2024-12-08 17:58:53.671 [http-nio-8080-exec-4] INFO  com.example.tp3logging.controllers.ProductController - {  "userId":8, "userDetails": {"userId":8,"name":"User8","email":"user8@example.com","password":"$2a$10$eJUHeVJT10RbJC7oFOEzpOg.vJYQfL.5unreLAuAFqU.UcDy2TUGW","age":28},  "operation": "READ",  "productId": 2,
  "productDetails": {"productId":2,"name":"product2","price":3.5,"expirationDate":1743638400000}}
2024-12-08 17:58:53.675 [http-nio-8080-exec-5] INFO  com.example.tp3logging.controllers.UserController - {  "userId":8, "userDetails": {"userId":8,"name":"User8","email":"user8@example.com","password":"$2a$10$eJUHeVJT10RbJC7oFOEzpOg.vJYQfL.5unreLAuAFqU.UcDy2TUGW","age":28},  "operation": "DELETE"}
2024-12-08 17:58:53.810 [http-nio-8080-exec-9] INFO  com.example.tp3logging.controllers.ProductController - { "userId": 9, "userDetails": {"userId":9,"name":"User9","email":"user9@example.com","password":"$2a$10$PTvbgg0297g7lr3ec5WcfuomgSr578Uz/aeAKiCesb.jyPafWBVmW","age":29}, "operation": "READ", "productId": 1 }
2024-12-08 17:58:53.811 [http-nio-8080-exec-9] INFO  com.example.tp3logging.controllers.ProductController - { "userId": 9, "userDetails": {"userId":9,"name":"User9","email":"user9@example.com","password":"$2a$10$PTvbgg0297g7lr3ec5WcfuomgSr578Uz/aeAKiCesb.jyPafWBVmW","age":29}, "operation": "READ", "productId": 2 }
2024-12-08 17:58:53.812 [http-nio-8080-exec-9] INFO  com.example.tp3logging.controllers.ProductController - { "userId": 9, "userDetails": {"userId":9,"name":"User9","email":"user9@example.com","password":"$2a$10$PTvbgg0297g7lr3ec5WcfuomgSr578Uz/aeAKiCesb.jyPafWBVmW","age":29}, "operation": "READ", "productId": 3 }
2024-12-08 17:58:53.812 [http-nio-8080-exec-9] INFO  com.example.tp3logging.controllers.ProductController - { "userId": 9, "userDetails": {"userId":9,"name":"User9","email":"user9@example.com","password":"$2a$10$PTvbgg0297g7lr3ec5WcfuomgSr578Uz/aeAKiCesb.jyPafWBVmW","age":29}, "operation": "READ", "productId": 4 }
2024-12-08 17:58:53.813 [http-nio-8080-exec-9] INFO  com.example.tp3logging.controllers.ProductController - { "userId": 9, "userDetails": {"userId":9,"name":"User9","email":"user9@example.com","password":"$2a$10$PTvbgg0297g7lr3ec5WcfuomgSr578Uz/aeAKiCesb.jyPafWBVmW","age":29}, "operation": "READ", "productId": 5 }
2024-12-08 17:58:53.813 [http-nio-8080-exec-9] INFO  com.example.tp3logging.controllers.ProductController - { "userId": 9, "userDetails": {"userId":9,"name":"User9","email":"user9@example.com","password":"$2a$10$PTvbgg0297g7lr3ec5WcfuomgSr578Uz/aeAKiCesb.jyPafWBVmW","age":29}, "operation": "READ", "productId": 6 }
2024-12-08 17:58:53.825 [http-nio-8080-exec-1] INFO  com.example.tp3logging.controllers.ProductController - { "userId": 9, "userDetails": {"userId":9,"name":"User9","email":"user9@example.com","password":"$2a$10$PTvbgg0297g7lr3ec5WcfuomgSr578Uz/aeAKiCesb.jyPafWBVmW","age":29}, "operation": "READ", "productId": 1 }
2024-12-08 17:58:53.825 [http-nio-8080-exec-1] INFO  com.example.tp3logging.controllers.ProductController - { "userId": 9, "userDetails": {"userId":9,"name":"User9","email":"user9@example.com","password":"$2a$10$PTvbgg0297g7lr3ec5WcfuomgSr578Uz/aeAKiCesb.jyPafWBVmW","age":29}, "operation": "READ", "productId": 2 }
2024-12-08 17:58:53.826 [http-nio-8080-exec-1] INFO  com.example.tp3logging.controllers.ProductController - { "userId": 9, "userDetails": {"userId":9,"name":"User9","email":"user9@example.com","password":"$2a$10$PTvbgg0297g7lr3ec5WcfuomgSr578Uz/aeAKiCesb.jyPafWBVmW","age":29}, "operation": "READ", "productId": 3 }
2024-12-08 17:58:53.827 [http-nio-8080-exec-1] INFO  com.example.tp3logging.controllers.ProductController - { "userId": 9, "userDetails": {"userId":9,"name":"User9","email":"user9@example.com","password":"$2a$10$PTvbgg0297g7lr3ec5WcfuomgSr578Uz/aeAKiCesb.jyPafWBVmW","age":29}, "operation": "READ", "productId": 4 }
2024-12-08 17:58:53.828 [http-nio-8080-exec-1] INFO  com.example.tp3logging.controllers.ProductController - { "userId": 9, "userDetails": {"userId":9,"name":"User9","email":"user9@example.com","password":"$2a$10$PTvbgg0297g7lr3ec5WcfuomgSr578Uz/aeAKiCesb.jyPafWBVmW","age":29}, "operation": "READ", "productId": 5 }
2024-12-08 17:58:53.828 [http-nio-8080-exec-1] INFO  com.example.tp3logging.controllers.ProductController - { "userId": 9, "userDetails": {"userId":9,"name":"User9","email":"user9@example.com","password":"$2a$10$PTvbgg0297g7lr3ec5WcfuomgSr578Uz/aeAKiCesb.jyPafWBVmW","age":29}, "operation": "READ", "productId": 6 }
2024-12-08 17:58:53.833 [http-nio-8080-exec-2] INFO  com.example.tp3logging.controllers.UserController - {  "userId":9, "userDetails": {"userId":9,"name":"User9","email":"user9@example.com","password":"$2a$10$PTvbgg0297g7lr3ec5WcfuomgSr578Uz/aeAKiCesb.jyPafWBVmW","age":29},  "operation": "DELETE"}
